This file contains any messages produced by compilers while
running configure, to aid debugging if configure makes a mistake.

It was created by configure, which was
generated by GNU Autoconf 2.57.  Invocation command line was

  $ ./configure --prefix=/usr/local/apache/htdocs/idl

## --------- ##
## Platform. ##
## --------- ##

hostname = eddy.po.gso.uri.edu
uname -m = alpha
uname -r = V5.1
uname -s = OSF1
uname -v = 732

/usr/bin/uname -p = alpha
/bin/uname -X     = unknown

/bin/arch              = unknown
/usr/bin/arch -k       = unknown
/usr/convex/getsysinfo = unknown
hostinfo               = unknown
/bin/machine           = alpha
/usr/bin/oslevel       = unknown
/bin/universe          = unknown

PATH: /usr/local/bin
PATH: /usr/dsp/exe
PATH: /sbin
PATH: /usr/sbin
PATH: /usr/bin
PATH: /usr/bin/X11


## ----------- ##
## Core tests. ##
## ----------- ##

configure:1312: checking for the DODS root pathanme
configure:1322: result: /usr/local/src/DODS-3.4/DODS (../../../)
configure:1339: checking for the packages directory
configure:1346: error: Could not find the third-party packages!

## ---------------- ##
## Cache variables. ##
## ---------------- ##

ac_cv_env_CC_set=''
ac_cv_env_CC_value=''
ac_cv_env_CFLAGS_set=''
ac_cv_env_CFLAGS_value=''
ac_cv_env_CPPFLAGS_set=''
ac_cv_env_CPPFLAGS_value=''
ac_cv_env_CPP_set=''
ac_cv_env_CPP_value=''
ac_cv_env_CXXFLAGS_set=''
ac_cv_env_CXXFLAGS_value=''
ac_cv_env_CXX_set=''
ac_cv_env_CXX_value=''
ac_cv_env_LDFLAGS_set=''
ac_cv_env_LDFLAGS_value=''
ac_cv_env_build_alias_set=''
ac_cv_env_build_alias_value=''
ac_cv_env_host_alias_set=''
ac_cv_env_host_alias_value=''
ac_cv_env_target_alias_set=''
ac_cv_env_target_alias_value=''

## ----------------- ##
## Output variables. ##
## ----------------- ##

AWK=''
CC=''
CFLAGS=''
CPP=''
CPPFLAGS=''
CXX=''
CXXFLAGS=''
DEFS=''
DODS_PACKAGES_DIR=''
ECHO_C='ECHO_N=''
ECHO_T=''
EGREP=''
EXEEXT=''
GCC_ROOT=''
IDL_LIBS=''
IDL_ROOT=''
INCS=''
INSTALL_DATA=''
INSTALL_PROGRAM=''
INSTALL_SCRIPT=''
LDFLAGS=''
LIBOBJS=''
LIBS=''
LN_S=''
LTLIBOBJS=''
OBJEXT=''
PACKAGE_BUGREPORT=''
PACKAGE_NAME=''
PACKAGE_STRING=''
PACKAGE_TARNAME=''
PACKAGE_VERSION=''
PATH_SEPARATOR=':'
PERL=''
SET_MAKE=''
SHELL='/bin/ksh'
TAR=''
VERSION=''
ac_ct_CC=''
ac_ct_CXX=''
bindir='${exec_prefix}/bin'
build=''
build_alias=''
build_cpu=''
build_os=''
build_vendor=''
datadir='${prefix}/share'
depend=''
dir='idl-cmdln'
dods_relative='../../../'
dods_root='/usr/local/src/DODS-3.4/DODS'
exec_prefix='NONE'
fullpath='/usr/local/src/DODS-3.4/DODS/src/clients/idl-cmdln/'
host=''
host_alias=''
host_cpu=''
host_os=''
host_vendor=''
includedir='${prefix}/include'
infodir='${prefix}/info'
libdir='${exec_prefix}/lib'
libexecdir='${exec_prefix}/libexec'
localstatedir='${prefix}/var'
mandir='${prefix}/man'
oldincludedir='/usr/include'
packages=''
prefix='/usr/local/apache/htdocs/idl'
program_transform_name='s,x,x,'
sbindir='${exec_prefix}/sbin'
sharedstatedir='${prefix}/com'
sysconfdir='${prefix}/etc'
target_alias=''

## ----------- ##
## confdefs.h. ##
## ----------- ##

#define DODS_RELATIVE "../../../"
#define DODS_ROOT "/usr/local/src/DODS-3.4/DODS"
#define PACKAGE_BUGREPORT ""
#define PACKAGE_NAME ""
#define PACKAGE_STRING ""
#define PACKAGE_TARNAME ""
#define PACKAGE_VERSION ""

configure: exit 1
