This is pdfeTeX, Version 3.141592-1.20a-2.2 (Web2C 7.5.3) (format=latex 2004.11.18)  24 MAY 2007 09:55
entering extended mode
**bigfoot.ins
(./bigfoot.ins
LaTeX2e <2003/12/01>
Babel <v3.8c> and hyphenation patterns for american, french, german, ngerman, b
ahasa, basque, catalan, croatian, czech, danish, dutch, esperanto, estonian, fi
nnish, greek, icelandic, irish, italian, latin, magyar, norsk, polish, portuges
, romanian, russian, serbian, slovak, slovene, spanish, swedish, turkish, ukrai
nian, nohyphenation, loaded.
(/usr/local/teTeX/share/texmf.tetex/tex/latex/base/docstrip.tex
\blockLevel=\count79
\emptyLines=\count80
\processedLines=\count81
\commentsRemoved=\count82
\commentsPassed=\count83
\codeLinesPassed=\count84
\TotalprocessedLines=\count85
\TotalcommentsRemoved=\count86
\TotalcommentsPassed=\count87
\TotalcodeLinesPassed=\count88
\NumberOfFiles=\count89
\inFile=\read1
\inputcheck=\read2
\off@0=\count90
\off@1=\count91
\off@2=\count92
\off@3=\count93
\off@4=\count94
\off@5=\count95
\off@6=\count96
\off@7=\count97
\off@8=\count98
\off@9=\count99
\off@10=\count100
\off@11=\count101
\off@12=\count102
\off@13=\count103
\off@14=\count104
\off@15=\count105
\@maxfiles=\count106
\@maxoutfiles=\count107

Utility: `docstrip' 2.5c <2003/09/18>
English documentation    <1999/03/31>

**********************************************************
* This program converts documented macro-files into fast *
* loadable files by stripping off (nearly) all comments! *
**********************************************************

********************************************************
* No Configuration file found, using default settings. *
********************************************************

)

Generating file(s) ./bigfoot.drv ./perpage.drv ./suffix.drv ./bigfoot.sty ./per
page.sty ./suffix.sty 
\openout0 = `./bigfoot.drv'.

\openout1 = `./bigfoot.sty'.


Processing file bigfoot.dtx (driver) -> bigfoot.drv
                            (style) -> bigfoot.sty
% % % % % % % % % % % % % % % % % % % % % % % % % % % % % % % % % % % % % % %
% % % % % % % % % % % % % % % % % % % % % % % % % % % % % % % % % % % % % % %
% % % % % <*driver . . . . % % % % % % % % % % . . . % % % % % . . . . . % % %
% % . . <driver . > . . > % % % % % % % % % % % % % % % % % % % % % % <*style
. . . . . . . . . . . . . . . . . % % % % % % . . . . . . . . . % % % % % % %
% % % % % % % <trace . > <trace . > <trace . > <trace . > <trace . >
<trace . > <trace . > <trace . > <trace . > % % % % % <trace . > <trace . >
<trace . > <trace . > <trace . > <trace . > <trace . > <trace . > . % % % % %
% % % % . . . . . % % % % % % % % % % % % % % . . . . % % % % % % % % % % % %
% % % % % % . . . . . . . . . % % % % % % % % . % % % % % % % % % % % . . . .
. . . . . . . . . . % % % % % % % % % % % % . . . . . . . . . . . . . . . . .
. . % % % % % % . . % % % % % % . . . . . % % % % % % % % % % % % % . . . . .
% % % % % % % % . . . % % % % % % % % . . . . . % % % % % % % % % % % % % % %
% % % % % % % % % % % . . . . . . % % % % % % % . . . . . . . . . . . . . . .
% % % % % % % % % % % % % % % % % . . . . <trace . > <trace . > <trace . >
<trace . > <trace . > <trace . > <trace . > <trace . > <trace . > % % % % % %
% % % . . % % % % % % % % % . . . . . . . . <trace . > . % % % % % % .
<trace . > . . % % % % % % % % % % % % % % % % % % % % . % % % % % % . . . . %
% % % % . . . . . . . . . . . % % % % % % . . . . % % % % % % . . . . . . . %
% % . . . . % % % % % % % % % . % % % % % % % % % % % % % % % % % . . . . . .
. . . % % % % % % % . . . % % % % % % % . . % % % % % % % % . . . . . . . . .
. . . % % % % % % . . . . % % % % % % . . . . . % % % % % . . % % % % % % % %
% % % % % % % % % . . . . % % % % % % % % % . . . . . . . . . . . . . . . . .
. . % % % % % % % % % % % % % % % % % % % % % % % % % . . . . . . . . . . . .
. . . . . % % % % % % % % . . . . . . . . . . % % % % % % % % % % % % % % . .
% % % % % % % % % % % % % % % % % % % % . <trace . > . . <trace . > . . . . .
. . . % % % % % % % % . . . . . . . . . . . . . . <trace . > . . <trace . > .
. . . % % % % % % % % % % % % % % % . . . . . . . . % % % % % % . % % % % % %
% % % % . <trace . > . . . . . . . . . . . . . % % % % % % % % % . . . % % % %
% . % % % % % % . . . . % % % % % % % . <trace . > . . <trace . > . . . .
<trace . > . . . . . . . % % % % % % % % % % % % % % % % % % % % % % . . . . %
% % % % % % % % . . % % % % % % % % % % . . . . . . . . . . . . . . . . . . %
% % % % . . % % % % % . . % % % % % % % . % % % % % % % % % % % % % % % % % %
% % % % % % % % . . . . % % % % % % % % . % % % % % % % % . . . . % % % % % .
. . . % % % % % % % % % % . . . . . . % % % % . . . . . % % % % % . . . . . .
. % % % % % % % . . % % % % % . . % % % . . . . . % % % % % . . . . . . . . .
. . . . . . . . . . . . % % % . . . . . . % % % % % % % . % % % % % % % . . .
. . . . . . . . . . . . . . . . . . . . . . . . . . . . . . . . . . . . . . .
. . . . . . % % % % % % % % % % . . . . . . . . . . . % % % % % % % % % % . .
. . . . . % % % % . . <trace . > <trace . > <trace . > % % % % % . . . . . % %
% % % . . . . . . . . <trace . > <trace . > <trace . > <trace . > <trace . >
<trace . > <trace . > % % % % % <trace . > <trace . > <trace . > <trace . >
<trace . > <trace . > <trace . > <trace . > <trace . > % % % <trace . >
<trace . > <trace . > <trace . > <trace . > <trace . > <trace . > <trace . >
<trace . > <trace . > % % % % % % % % % % % % . . . . <trace . > <trace . >
<trace . > <trace . > . <trace . > . . <trace . > <trace . > <trace . >
<trace . > . . <trace . > <trace . > <trace . > <trace . > <trace . >
<trace . > <trace . > . % % % % % % % % % % % % % % % . <trace . > . % % % % %
% . . . . . . . . % % % % . . % % % . . . . . . . . % % % % % . . . . . . . .
. . . . . % % % % % % % % % % % % % % % % % % % % % % % % % % % % % % % % % %
% % % % % % % % % % % % % % % % % % % % % % % % % % % % % % % % % % % % % % %
% % % % % % % % % % % % % % % % % % % % % % % % % % % % % % % % % % % % % % %
% % % % % % % % % % % % % % % % % % % % % % % % % % % % % % % % % % % % % % %
% % % . . . . . . . . . . . . . . . . . . . . . . . . . . . . . . . . . % % %
% % . . . . % % % % % % % % . . . . . % % % . . . . . . . . . . . . % % % % %
% % % . . . . % % % % % % % . . . . % % % % % % % % % % % . . . . . . % % % %
% % . . % % % % % % % % % % % % % % % . . . . . . . . . . . . . . . . % % % %
% % % % % . % % % % % % % % % % % % % % % % % % % % % % % % % % % % % % % % %
% % % % % % % % % % % % % % % % % % % % % % % % % % % . % % % % % % % % % % %
% % % % % % % % % % % % % % % % % % % % % . <trace . > <trace . > <trace . >
<trace . > % . <trace . > <trace . > <trace . > . . . . . . . . . % % % % . .
. . . . . . . . . . . . % % % % % % % . % % % % % % % % % % % % % . . . . . %
% % % . % % % % . . . . . . . . . . . . . . <trace . > <trace . > <trace . >
<trace . > % % % % % % % . % % % % % . . <trace . > <trace . > . . . . . . . .
. . <trace . > <trace . > % % % % % % % % % . . . % % % % % . . . . . . . % %
% % % . <trace . > <trace . > <trace . > . . . . . . . . . . . . . . . . % % %
% % % % % . % % % % % % % % % . % % % . . . . . % % % % % % % . . . % % % % %
% % % . % % % . % % % . . % % % % . % % % % % % . . . . . . . . . % % % . . %
% % % % % % . . . . . . . . % % % . . . . . . <trace . > <trace . > . . . . .
. . . . <trace . > . . . . . . . . . . . . . . . . . . . . . . . . . . . . . .
. . . . . . . . . . . . . % % % % % % % % % % % % % . . . . . . . . . . . . .
<trace . > <trace . > . . <trace . > <trace . > <trace . > <trace . >
<trace . > <trace . > <trace . > <trace . > <trace . > . . . . . . . . . . % %
% % % % % % % % % % % % % % . . . . . . . . . % % % <trace . > <trace . > . .
. % % % % % % . % % % . % % % <trace . > . . . . . . . . . . . % % % % % % % %
% % % % % % % % % % % % % % % % % % % % % % % % % % % % % % % % % % % % % % %
% % % % % % % % % % % % % % % % % % % % % % % % % % % % % % % % % % % % % % %
% % % % % % . . . . . . . . . . . . . . . . . . . . . . . . . . . % % % % % %
. % % % % % . % % % % % % . . % % % % % % % % . . % % % % % % % % % % % % % %
% % . . . <trace . > <trace . > <trace . > . <trace . > <trace . > <trace . >
. <trace . > . . . . . . . . . . <trace . > . % % % % . % % % % % % % % . . .
% % % % % % % % % % % % % % % % % % % % % % % % . % % % % % . . . . . % % % %
. . . . . . . . . . . . % % % % % % . . . . % % % % % % % % % % % % . . . . .
. % % % % % . . % % % % % % % . . . . . . . . . % % % % % % . . . . . . . . .
. . . . % % % % % . . . . . % % % % % . . . . . . . . . . . . . . . . . . . .
. . . . . . . . . . . . % % % % % % % . <trace . > <trace . > . . . . . . . %
% % % % % % % % % % . % % % % % . . . . . . . . % % % % % % % % % . . % % % %
% % . . . . . . . . . . . . % % % % % . . % % % % % % . . . . . . . % % % % .
. . . . . . . . . . . . . % % % % . . . . . . . . . . . . . . . . . . . % % %
% % % . . . . . . % % % % % % % . . . . . . % % % % % % % % . % % % % . . . .
. . . . . . . . . . . . % % % % % % % % . % % % % % . . . . . . . . . . . % %
. % % . . . . . . . . . . . . . . . . . % % % % % % % % . . . . . % % % . . .
. . . % % . . . . . . . . . . . . . . . . . . . . . . . . . % % % % . % % % %
. . . . . . . . . % % % % % % % % % . % % % % . . . % % % . . . . % % % % % .
. . . % % % % . . . % % % % % % % % % % % % % % . . . . . . . % % % % % . . .
. . . % % % % % % % % % . <trace . > <trace . > . . . . . . . % % % % . . . %
% % . % % % . . . % % % % % % . . . % % % % % % % . . . . . . . . . . . . . .
. . . . . . . . . . . % % % % % % % % % % % % % . . . . <trace . > <trace . >
<trace . > <trace . > . . <trace . > <trace . > <trace . > <trace . > .
<trace . > <trace . > <trace . > . % % % % % . % % % % <trace . > <trace . >
<trace . > <trace . > <trace . > <trace . > <trace . > <trace . > <trace . >
<trace . > <trace . > <trace . > <trace . > <trace . > % % % % % % % . . . . .
. . . . . . % % % % . . . > % % % % % % % % % % <installer . >
<installer&make . > <installer . > <installer . > <installer . >
<installer . > <installer&!make . > <installer . > <installer . >
<installer . > <installer . > <installer . > % % % % % % %
Lines  processed: 3292
Comments removed: 1815
Comments  passed: 4
Codelines passed: 1302

\openout0 = `./perpage.drv'.

\openout1 = `./perpage.sty'.


Processing file perpage.dtx (driver) -> perpage.drv
                            (style) -> perpage.sty
% % % % % % % % % % % % % % % % % % % % % % % % % % % % % % % % % % % % % % %
% % % % % % % % % % % % % % % % % % % % % % % % % % % % % % % % % % % % % % %
% % % % % % % % % % % % % % % % % % % % % % % % % % % % % % % % % % % % % % %
% % % % % % % % % % % % % % % % % % % % <*driver . . . . . <driver . > . . > %
% % % % <*style . . . . % % % % % % . . . . . . . . . . . % % % % % . % % % %
% % % % . . . . . % % % % % % % . . % % % % % % % % . . . % % % % % % % . . %
% % % % . . . % % % % % % % % % % % % % % % % % % % % % % % % % % % % % % % %
% % % % % % % % % % % % % % % % % % % % % % . . . . . . . . . . . % % % % % %
. . . . . . . . . . . . . . . . % % % % % % % % . . . . . . . . . % % % % % %
% % % % % % % % % % . . % % % % % . . . % % % % % % . . . . . . % % % % % % %
. . . . . . . . % % % % % % % % . . . . . % % % % % % % % % % % . . . . . . .
. . . . . . % % % % % % . . . . . . . % % % % % % % % % . . . . . . . > % % %
% . . . . . . . . . . . % % % % % % % % % .
Lines  processed: 483
Comments removed: 337
Comments  passed: 4
Codelines passed: 137

\openout0 = `./suffix.drv'.

\openout1 = `./suffix.sty'.


Processing file suffix.dtx (driver) -> suffix.drv
                           (style) -> suffix.sty
% % % % % % % % % % % % % % % % % % % % % % % % % % % % % % % % % % % % % % %
% % % % % % % % % % % % % % % % % % % % % % % % % % % % % % % % % % % % % % %
% <*driver . . . . . <driver . > . . > % % % % <*style . . . . . . . . . . . %
% % % % % % . . % % % % % % % % % % . . . . . . % % % % % % % % % . . % % % %
% % % % . . . . . . . . . . % % % % . . . . % % % % % % % . . % % % % % % % %
% . . . . . . . . % % % % % % % . . . . . . . . . % % % % % % % . . . . . . .
. > % % % % % % % %
Lines  processed: 237
Comments removed: 159
Comments  passed: 4
Codelines passed: 69

Overall statistics:
Files  processed: 3
Lines  processed: 4012
Comments removed: 2311
Comments  passed: 12
Codelines passed: 1508
 ) 
Here is how much of TeX's memory you used:
 357 strings out of 94580
 3688 string characters out of 1175116
 53028 words of memory out of 1000000
 3612 multiletter control sequences out of 10000+50000
 3640 words of font info for 14 fonts, out of 500000 for 2000
 524 hyphenation exceptions out of 1000
 14i,0n,15p,103b,168s stack positions out of 1500i,500n,5000p,200000b,5000s
 0 PDF objects out of 300000
 0 named destinations out of 131072
 1 words of extra memory for PDF output out of 65536

No pages of output.
