This is TeXk, Version 3.14159 (Web2C 7.4.5) (format=latex 2004.3.22)  20 APR 2004 15:02
 %&-line parsing enabled.
**guide.tex
(./guide.tex
LaTeX2e <2001/06/01>
Babel <v3.7h> and hyphenation patterns for american, french, german, ngerman, n
ohyphenation, loaded.
(/home/jimg/DODS-doc/latex/dods-book.cls
DODS Book Class -- Tom Sgouros - 1999
(/usr/share/texmf/tex/latex/base/book.cls
Document Class: book 2001/04/21 v1.4e Standard LaTeX document class
(/usr/share/texmf/tex/latex/base/bk11.clo
File: bk11.clo 2001/04/21 v1.4e Standard LaTeX file (size option)
)
\c@part=\count79
\c@chapter=\count80
\c@section=\count81
\c@subsection=\count82
\c@subsubsection=\count83
\c@paragraph=\count84
\c@subparagraph=\count85
\c@figure=\count86
\c@table=\count87
\abovecaptionskip=\skip41
\belowcaptionskip=\skip42
\bibindent=\dimen102
)
(/home/jimg/DODS-doc/latex/hyperlatex.sty
Package: hyperlatex 2000/03/29 v2.5 LaTeX2e package for Hyperlatex mode

Package: 'hyperlatex' v2.5 Otfried Cheong
(/usr/share/texmf/tex/latex/tools/verbatim.sty
Package: verbatim 2001/03/12 v1.5p LaTeX2e package for verbatim enhancements
\every@verbatim=\toks14
\verbatim@line=\toks15
\verbatim@in@stream=\read1
)
\c@htmldepth=\count88
\c@htmlautomenu=\count89
)
(/usr/share/texmf/tex/generic/misc/psfig.sty
\@unused=\write3
\ps@stream=\read2
\p@intvaluex=\dimen103
\p@intvaluey=\dimen104

psfig/tex 1.10-dvips
) (/usr/share/texmf/tex/latex/base/makeidx.sty
Package: makeidx 2000/03/29 v1.0m Standard LaTeX package
)
(/usr/share/texmf/tex/latex/fancyhdr/fancyhdr.sty
\headwidth=\dimen105
)
(/home/jimg/DODS-doc/latex/vcode.sty
Style-option: `vcode' (George Ferguson & Tom Sgouros)
Package: vcode 1999/01/31 v1.0 LaTeX2e package for source code
\vcodeindent=\skip43
\c@CodeLineNo=\count90
\vc@CodeLineFlag=\count91
\vc@indent=\skip44
\vc@testwidth=\skip45
\vc@adjustmargin=\skip46
) (/usr/share/texmf/tex/latex/psnfss/pifont.sty
Package: pifont 2002/09/08 PSNFSS-v9.0a Pi font support (SPQR) 
LaTeX Font Info:    Try loading font information for U+pzd on input line 62.

(/usr/share/texmf/tex/latex/psnfss/upzd.fd
File: upzd.fd 2001/06/04 font definitions for U/pzd.
)
LaTeX Font Info:    Try loading font information for U+psy on input line 63.

(/usr/share/texmf/tex/latex/psnfss/upsy.fd
File: upsy.fd 2001/06/04 font definitions for U/psy.
))
(/usr/share/texmf/tex/latex/tools/xspace.sty
Package: xspace 1997/10/13 v1.06 Space after command names (DPC)
)
(/usr/share/texmf/tex/latex/misc/mparhack.sty
Package: mparhack 2002/12/20 v1.3 (T. Sgouros and S. Ulrich)
)
\exampleindent=\skip47
\chapKern=\skip48
\chapHeadWidth=\skip49
\figadjust=\skip50
\emphBoxWidth=\skip51
\emphBoxHeight=\skip52
\emphBoxRef=\skip53
\rulewidth=\skip54
\ruledist=\skip55
)
(/usr/share/texmf/tex/latex/tools/longtable.sty
Package: longtable 2000/10/22 v4.10 Multi-page Table package (DPC)
\LTleft=\skip56
\LTright=\skip57
\LTpre=\skip58
\LTpost=\skip59
\LTchunksize=\count92
\LTcapwidth=\dimen106
\LT@head=\box26
\LT@firsthead=\box27
\LT@foot=\box28
\LT@lastfoot=\box29
\LT@cols=\count93
\LT@rows=\count94
\c@LT@tables=\count95
\c@LT@chunks=\count96
\LT@p@ftn=\toks16
)
(/usr/share/texmf/tex/latex/misc/acronym.sty
Package: acronym 2000/05/21 v1.6 Support for acronyms
)
\@input{../boiler/layout.aux}
\openout2 = `../boiler/layout.aux'.

(../boiler/layout.tex)
\@input{../boiler/dods-def.aux}
\openout2 = `../boiler/dods-def.aux'.

(../boiler/dods-def.tex)
\@indexfile=\write4
\openout4 = `guide.idx'.


Writing index file guide.idx
(./guide.aux (./guide/preface.aux) (./guide/ch01.aux) (./guide/ch02.aux)
(./guide/ch02a.aux) (./guide/ch02b.aux) (./guide/ch04.aux) (./guide/ch06.aux)
(./guide/appa.aux) (./guide/appb.aux) (./guide/glossary.aux)
(../boiler/acronyms.aux))
\openout1 = `guide.aux'.

LaTeX Font Info:    Checking defaults for OML/cmm/m/it on input line 31.
LaTeX Font Info:    ... okay on input line 31.
LaTeX Font Info:    Checking defaults for T1/cmr/m/n on input line 31.
LaTeX Font Info:    ... okay on input line 31.
LaTeX Font Info:    Checking defaults for OT1/cmr/m/n on input line 31.
LaTeX Font Info:    ... okay on input line 31.
LaTeX Font Info:    Checking defaults for OMS/cmsy/m/n on input line 31.
LaTeX Font Info:    ... okay on input line 31.
LaTeX Font Info:    Checking defaults for OMX/cmex/m/n on input line 31.
LaTeX Font Info:    ... okay on input line 31.
LaTeX Font Info:    Checking defaults for U/cmr/m/n on input line 31.
LaTeX Font Info:    ... okay on input line 31.
LaTeX Font Info:    Try loading font information for OT1+ptm on input line 31.
 (/usr/share/texmf/tex/latex/psnfss/ot1ptm.fd
File: ot1ptm.fd 2001/06/04 font definitions for OT1/ptm.
)
LaTeX Font Info:    External font `cmex10' loaded for size
(Font)              <12> on input line 36.
LaTeX Font Info:    External font `cmex10' loaded for size
(Font)              <8> on input line 36.
LaTeX Font Info:    External font `cmex10' loaded for size
(Font)              <6> on input line 36.

[1






]
LaTeX Font Info:    Try loading font information for OMS+ptm on input line 38.
 (/usr/share/texmf/tex/latex/psnfss/omsptm.fd
File: omsptm.fd 
)
LaTeX Font Info:    Font shape `OMS/ptm/m/n' in size <8> not available
(Font)              Font shape `OMS/cmsy/m/n' tried instead on input line 38.
LaTeX Font Info:    Try loading font information for OT1+phv on input line 42.

(/usr/share/texmf/tex/latex/psnfss/ot1phv.fd
File: ot1phv.fd 2001/06/04 scalable font definitions for OT1/phv.
)
LaTeX Font Info:    Font shape `OT1/phv/bx/n' in size <10.95> not available
(Font)              Font shape `OT1/phv/b/n' tried instead on input line 42.
 [2]
\openout2 = `guide/preface.aux'.

 (./guide/preface.tex
LaTeX Font Info:    Font shape `OT1/ptm/bx/n' in size <24.88> not available
(Font)              Font shape `OT1/ptm/b/n' tried instead on input line 6.
LaTeX Font Info:    Font shape `OT1/phv/bx/n' in size <24.88> not available
(Font)              Font shape `OT1/phv/b/n' tried instead on input line 6.
LaTeX Font Info:    External font `cmex10' loaded for size
(Font)              <10.95> on input line 6.

Overfull \hbox (71.9989pt too wide) in paragraph at lines 6--6
[]$[]$ 
 []

LaTeX Font Info:    Font shape `OT1/phv/bx/n' in size <14.4> not available
(Font)              Font shape `OT1/phv/b/n' tried instead on input line 26.
[3


] [4]
LaTeX Font Info:    Font shape `OT1/ptm/bx/n' in size <10.95> not available
(Font)              Font shape `OT1/ptm/b/n' tried instead on input line 99.
 [5]
LaTeX Font Info:    Font shape `OT1/ptm/bx/n' in size <9> not available
(Font)              Font shape `OT1/ptm/b/n' tried instead on input line 175.
LaTeX Font Info:    Font shape `OT1/phv/bx/n' in size <9> not available
(Font)              Font shape `OT1/phv/b/n' tried instead on input line 175.
 [6]) [7] [8


]
Overfull \hbox (71.9989pt too wide) in paragraph at lines 44--44
[]$[]$ 
 []

(./guide.toc
LaTeX Font Info:    Font shape `OT1/phv/bx/n' in size <12> not available
(Font)              Font shape `OT1/phv/b/n' tried instead on input line 7.
 [9] [10])
\tf@toc=\write5
\openout5 = `guide.toc'.

 (./guide.lof)
\tf@lof=\write6
\openout6 = `guide.lof'.

 [11] (./guide.lot)
\tf@lot=\write7
\openout7 = `guide.lot'.

 [12]
LaTeX Font Info:    Font shape `OT1/ptm/bx/n' in size <20.74> not available
(Font)              Font shape `OT1/ptm/b/n' tried instead on input line 55.
 [1


] [2]
\openout2 = `guide/ch01.aux'.


(./guide/ch01.tex
Chapter 1.
LaTeX Font Info:    Font shape `OT1/ptm/bx/n' in size <100> not available
(Font)              Font shape `OT1/ptm/b/n' tried instead on input line 6.
LaTeX Font Info:    Font shape `OT1/phv/bx/n' in size <100> not available
(Font)              Font shape `OT1/phv/b/n' tried instead on input line 6.

Overfull \hbox (123.0pt too wide) in paragraph at lines 6--6
[]$[]$  
 []

[3


]
LaTeX Font Info:    External font `cmex10' loaded for size
(Font)              <9> on input line 99.
LaTeX Font Info:    External font `cmex10' loaded for size
(Font)              <5> on input line 99.
 [4] [5] [6]

LaTeX Warning: Reference `dods-client,link' on page 7 undefined on input line 2
20.


LaTeX Warning: Reference `dods-client,link' on page 7 undefined on input line 2
20.

[7]

LaTeX Warning: Reference `dods-client,constraint' on page 8 undefined on input 
line 289.


LaTeX Warning: Reference `dods-server' on page 8 undefined on input line 302.

psfig: searching guide/unlinked.ps for bounding box
psfig: including guide/unlinked.ps 

LaTeX Warning: Reference `dods-client,link' on page 8 undefined on input line 3
34.


LaTeX Warning: Reference `dods-client,link' on page 8 undefined on input line 3
34.

[8]
psfig: searching guide/linked.ps for bounding box
psfig: including guide/linked.ps 
[9] [10]

LaTeX Warning: Reference `dods-server,install' on page 11 undefined on input li
ne 385.


LaTeX Warning: Reference `dods-server,install' on page 11 undefined on input li
ne 385.


LaTeX Warning: Reference `dods-client,url' on page 11 undefined on input line 4
06.


LaTeX Warning: Reference `dods-client,url' on page 11 undefined on input line 4
06.

[11]) [12] [13


] [14]
\openout2 = `guide/ch02.aux'.

 (./guide/ch02.tex
Chapter 2.

Overfull \hbox (123.0pt too wide) in paragraph at lines 7--7
[]$[]$  
 []

LaTeX Font Info:    External font `cmex10' loaded for size
(Font)              <7> on input line 62.

Overfull \hbox (58.47778pt too wide) in paragraph at lines 62--63
[]$[] [] [] \OT1/cmr/m/n/10 : \OML/cmm/m/it/10 == [] = [] = [] = [] = []$ 
 []


LaTeX Warning: `h' float specifier changed to `ht'.

[15


] [16] [17] [18]
Overfull \vbox (14.0pt too high) detected at line 253
 []

psfig: searching guide/ifh-dir.ps for bounding box
psfig: including guide/ifh-dir.ps 
psfig: searching guide/ifh.ps for bounding box
psfig: including guide/ifh.ps 

Overfull \hbox (122.80374pt too wide) in paragraph at lines 287--287
[]  
 []

[19] [20] [21] [22]
Overfull \vbox (14.0pt too high) detected at line 386
 []

[23]) [24]
\openout2 = `guide/ch02a.aux'.

 (./guide/ch02a.tex
Chapter 3.

Overfull \hbox (123.0pt too wide) in paragraph at lines 6--6
[]$[]$  
 []

[25



] [26]
Overfull \hbox (1.21498pt too wide) in alignment at lines 134--138
 [] [] [] 
 []


Overfull \hbox (1.21498pt too wide) in alignment at lines 138--142
 [] [] [] 
 []


Overfull \hbox (1.21498pt too wide) in alignment at lines 142--144
 [] [] [] 
 []


Underfull \hbox (badness 10000) in paragraph at lines 148--148
[]|\OT1/ptm/m/n/10.95 Server and
 []


Underfull \hbox (badness 10000) in paragraph at lines 153--153
[]|\OT1/ptm/m/n/10.95 Server and
 []


Underfull \hbox (badness 1571) in paragraph at lines 159--161
[]|\OT1/ptm/m/n/10.95 Oceanographic and geo-phys-i-cal satel-lite data.
 []


Underfull \hbox (badness 10000) in paragraph at lines 175--175
[]|\OT1/ptm/m/n/10.95 Free-
 []


Underfull \hbox (badness 1824) in paragraph at lines 176--181
[]|\OT1/ptm/m/n/10.95 On-the-fly con-ver-sion of ar-bi-trar-ily for-mat-ted
 []


Underfull \hbox (badness 10000) in paragraph at lines 183--183
[]|\OT1/ptm/m/n/10.95 native
 []


Underfull \hbox (badness 10000) in paragraph at lines 183--183
\OT1/ptm/m/n/10.95 OPeN-
 []


Overfull \hbox (1.21498pt too wide) in alignment at lines 144--189
 [] [] [] 
 []

[27] [28] [29]
Overfull \vbox (14.0pt too high) detected at line 307
 []

[30]
Overfull \vbox (14.0pt too high) detected at line 352
 []

[31]) [32]
\openout2 = `guide/ch02b.aux'.

 (./guide/ch02b.tex
Chapter 4.

Overfull \hbox (123.0pt too wide) in paragraph at lines 7--7
[]$[]$  
 []

[33



] [34]
LaTeX Font Info:    Font shape `OT1/ptm/bx/sl' in size <10.95> not available
(Font)              Font shape `OT1/ptm/b/sl' tried instead on input line 93.
LaTeX Font Info:    Font shape `OMS/ptm/m/n' in size <10.95> not available
(Font)              Font shape `OMS/cmsy/m/n' tried instead on input line 99.
LaTeX Font Info:    Font shape `OMS/ptm/m/n' in size <9> not available
(Font)              Font shape `OMS/cmsy/m/n' tried instead on input line 109.

Overfull \vbox (14.0pt too high) detected at line 115
 []


Overfull \vbox (14.0pt too high) detected at line 130
 []

[35] [36] [37]
Underfull \hbox (badness 10000) in paragraph at lines 313--313
\OT1/ptm/m/it/10.95 UInt32\OT1/ptm/m/n/10.95 ,
 []


Underfull \hbox (badness 10000) in paragraph at lines 317--317
[]\OT1/cmtt/m/n/10.95 [start:stop]
 []


Underfull \hbox (badness 10000) in paragraph at lines 318--318
[]\OT1/cmtt/m/n/10.95 length(\OT1/cmtt/m/it/10.95 list\OT1/cmtt/m/n/10.95 ),
 []


Underfull \hbox (badness 10000) in paragraph at lines 318--318
\OT1/cmtt/m/n/10.95 nth(\OT1/cmtt/m/it/10.95 list,n\OT1/cmtt/m/n/10.95 ),
 []


Underfull \hbox (badness 10000) in paragraph at lines 321--321
[]\OT1/cmtt/m/n/10.95 [start:stop]
 []

[38] [39]
Overfull \hbox (7.91602pt too wide) in paragraph at lines 419--420
[]  
 []

[40] [41] [42] [43]) [44] [45


] [46]
\openout2 = `guide/ch04.aux'.

 (./guide/ch04.tex
Chapter 5.

Overfull \hbox (123.0pt too wide) in paragraph at lines 7--7
[]$[]$  
 []

[47


] [48]
psfig: searching guide/arch.ps for bounding box
psfig: including guide/arch.ps 

Overfull \vbox (14.0pt too high) detected at line 179
 []

[49] [50]
Underfull \hbox (badness 10000) in paragraph at lines 198--198
[]\OT1/ptm/m/n/10.95 Data At-
 []


Underfull \hbox (badness 10000) in paragraph at lines 199--199
[]\OT1/ptm/m/n/10.95 Data De-
 []


Underfull \hbox (badness 10000) in paragraph at lines 200--200
[]\OT1/ptm/m/n/10.95 OPeNDAP
 []


Underfull \hbox (badness 10000) in paragraph at lines 201--201
[]\OT1/cmtt/m/n/10.95 .asc \OT1/ptm/m/n/10.95 or
 []


Underfull \hbox (badness 3312) in paragraph at lines 202--204
[]\OT1/cmtt/m/n/10.95 usage\OT1/ptm/m/n/10.95 , see Sec-tion 5.2.3[] on
 []


Underfull \hbox (badness 10000) in paragraph at lines 205--205
[]\OT1/ptm/m/n/10.95 WWW
 []


Underfull \hbox (badness 10000) in paragraph at lines 207--207
[]\OT1/ptm/m/n/10.95 Anything
 []

[51]
Overfull \vbox (14.0pt too high) detected at line 277
 []

[52] [53] [54]
Overfull \hbox (13.6647pt too wide) in paragraph at lines 400--401
[]  
 []


Overfull \hbox (7.91602pt too wide) in paragraph at lines 410--411
[]  
 []

[55]
psfig: searching guide/wish.ps for bounding box
psfig: including guide/wish.ps 

Overfull \hbox (67.5975pt too wide) in paragraph at lines 466--466
[]  
 []

[56] [57] [58]) [59] [60


] [61] [62]
\openout2 = `guide/ch06.aux'.

 (./guide/ch06.tex
Chapter 6.

Overfull \hbox (123.0pt too wide) in paragraph at lines 6--6
[]$[]$  
 []

[63


] [64] [65] [66] [67] [68] [69] [70] [71]
LaTeX Font Info:    Font shape `OT1/ptm/bx/it' in size <10.95> not available
(Font)              Font shape `OT1/ptm/b/it' tried instead on input line 506.

Overfull \vbox (14.0pt too high) detected at line 534
 []

[72] [73]
psfig: searching guide/grid.ps for bounding box
psfig: including guide/grid.ps 
[74]
Underfull \hbox (badness 10000) in paragraph at lines 751--751
\OT1/ptm/m/it/10.95 UInt32\OT1/ptm/m/n/10.95 ,
 []


Underfull \hbox (badness 10000) in paragraph at lines 755--755
[]\OT1/cmtt/m/n/10.95 [start:stop]
 []


Underfull \hbox (badness 10000) in paragraph at lines 756--756
[]\OT1/cmtt/m/n/10.95 length(\OT1/cmtt/m/it/10.95 list\OT1/cmtt/m/n/10.95 ),
 []


Underfull \hbox (badness 10000) in paragraph at lines 756--756
\OT1/cmtt/m/n/10.95 nth(\OT1/cmtt/m/it/10.95 list,n\OT1/cmtt/m/n/10.95 ),
 []


Underfull \hbox (badness 10000) in paragraph at lines 759--759
[]\OT1/cmtt/m/n/10.95 [start:stop]
 []

[75] [76] [77] [78]
LaTeX Font Info:    Font shape `OMS/cmtt/m/n' in size <10> not available
(Font)              Font shape `OMS/cmsy/m/n' tried instead on input line 935.
 [79] [80] [81] [82] [83]

LaTeX Warning: `h' float specifier changed to `ht'.


LaTeX Warning: `h' float specifier changed to `ht'.

[84]) [85] [86] [87


] [88]
\openout2 = `guide/appa.aux'.

 (./guide/appa.tex
Appendix A.

Overfull \hbox (123.0pt too wide) in paragraph at lines 5--5
[]$[]$  
 []

[89


] [90]

LaTeX Warning: Reference `dods-client,link' on page 91 undefined on input line 
131.


LaTeX Warning: Reference `dods-client,link' on page 91 undefined on input line 
131.

[91] [92] [93] [94] [95]) [96]
\openout2 = `guide/appb.aux'.

 (./guide/appb.tex
Appendix B.

Overfull \hbox (123.0pt too wide) in paragraph at lines 5--5
[]$[]$  
 []

[97



]

LaTeX Warning: Reference `dods-server,arch' on page 98 undefined on input line 
54.


LaTeX Warning: Reference `dods-server,arch' on page 98 undefined on input line 
54.

[98]) [99]
\openout2 = `guide/glossary.aux'.

 (./guide/glossary.tex [100



]
Overfull \hbox (71.9989pt too wide) in paragraph at lines 10--10
[]$[]$ 
 []

[101] [102] [103] [104]) [105]
\openout2 = `../boiler/acronyms.aux'.

 (../boiler/acronyms.tex) [106


] (./guide.bbl
Overfull \hbox (71.9989pt too wide) in paragraph at lines 1--1
[]$[]$ 
 []

) (./guide.ind [107


]
Overfull \hbox (71.9989pt too wide) in paragraph at lines 1--1
[]$[]$
 []

[108

] [109] [110] [111] [112]) (./guide.aux (./guide/preface.aux)
(./guide/ch01.aux) (./guide/ch02.aux) (./guide/ch02a.aux) (./guide/ch02b.aux)
(./guide/ch04.aux) (./guide/ch06.aux) (./guide/appa.aux) (./guide/appb.aux)
(./guide/glossary.aux) (../boiler/acronyms.aux))

LaTeX Warning: There were undefined references.

 ) 
Here is how much of TeX's memory you used:
 1724 strings out of 20847
 20335 string characters out of 195948
 83735 words of memory out of 350001
 4549 multiletter control sequences out of 10000+15000
 28203 words of font info for 74 fonts, out of 400000 for 1000
 14 hyphenation exceptions out of 10000
 32i,12n,48p,219b,579s stack positions out of 3000i,100n,1500p,50000b,4000s

Output written on guide.dvi (124 pages, 276672 bytes).
